<?xml version="1.0" encoding="UTF-8"?>
<testng-results skipped="0" failed="0" ignored="0" total="1" passed="1">
  <reporter-output>
  </reporter-output>
  <suite name="Default suite" duration-ms="9061" started-at="2023-01-03T14:29:22Z" finished-at="2023-01-03T14:29:31Z">
    <groups>
    </groups>
    <test name="Default test" duration-ms="9061" started-at="2023-01-03T14:29:22Z" finished-at="2023-01-03T14:29:31Z">
      <class name="googletest.GoogleTest">
        <test-method status="PASS" signature="googleTest()[pri:0, instance:googletest.GoogleTest@66a3ffec]" name="googleTest" duration-ms="9028" started-at="2023-01-03T19:59:22Z" finished-at="2023-01-03T19:59:31Z">
          <reporter-output>
          </reporter-output>
        </test-method> <!-- googleTest -->
      </class> <!-- googletest.GoogleTest -->
    </test> <!-- Default test -->
  </suite> <!-- Default suite -->
</testng-results>
